\BOOKMARK [0][-]{chapter.1}{\376\377\000I\000n\000t\000r\000o\000d\000u\000c\000t\000i\000o\000n}{}% 1
\BOOKMARK [1][-]{section.1.1}{\376\377\000T\000h\000e\000\040\000S\000p\000h\000e\000r\000e\000\040\000P\000a\000c\000k\000i\000n\000g\000\040\000P\000r\000o\000b\000l\000e\000m}{chapter.1}% 2
\BOOKMARK [1][-]{section.1.2}{\376\377\000T\000h\000e\000\040\000F\000o\000r\000m\000a\000l\000i\000s\000a\000t\000i\000o\000n\000\040\000M\000o\000v\000e\000m\000e\000n\000t}{chapter.1}% 3
\BOOKMARK [1][-]{section.1.3}{\376\377\000T\000h\000e\000\040\000S\000c\000o\000p\000e\000\040\000o\000f\000\040\000t\000h\000i\000s\000\040\000P\000r\000o\000j\000e\000c\000t}{chapter.1}% 4
\BOOKMARK [0][-]{chapter.2}{\376\377\000T\000h\000e\000\040\000I\000n\000g\000r\000e\000d\000i\000e\000n\000t\000s\000\040\000o\000f\000\040\000V\000i\000a\000z\000o\000v\000s\000k\000a\000'\000s\000\040\000S\000o\000l\000u\000t\000i\000o\000n}{}% 5
\BOOKMARK [1][-]{section.2.1}{\376\377\000S\000p\000h\000e\000r\000e\000\040\000P\000a\000c\000k\000i\000n\000g\000\040\000F\000u\000n\000d\000a\000m\000e\000n\000t\000a\000l\000s}{chapter.2}% 6
\BOOKMARK [2][-]{subsection.2.1.1}{\376\377\000T\000h\000e\000\040\000G\000e\000n\000e\000r\000a\000l\000\040\000T\000h\000e\000o\000r\000y\000\040\000o\000f\000\040\000S\000p\000h\000e\000r\000e\000\040\000P\000a\000c\000k\000i\000n\000g\000s}{section.2.1}% 7
\BOOKMARK [2][-]{subsection.2.1.2}{\376\377\000T\000h\000e\000\040\000E\0008\000\040\000L\000a\000t\000t\000i\000c\000e\000\040\000P\000a\000c\000k\000i\000n\000g}{section.2.1}% 8
\BOOKMARK [1][-]{section.2.2}{\376\377\000T\000h\000e\000\040\000C\000o\000h\000n\000-\000E\000l\000k\000i\000e\000s\000\040\000L\000i\000n\000e\000a\000r\000\040\000P\000r\000o\000g\000r\000a\000m\000m\000i\000n\000g\000\040\000B\000o\000u\000n\000d\000s}{chapter.2}% 9
\BOOKMARK [2][-]{subsection.2.2.1}{\376\377\000F\000o\000u\000r\000i\000e\000r\000\040\000T\000r\000a\000n\000s\000f\000o\000r\000m\000s\000\040\000a\000n\000d\000\040\000t\000h\000e\000\040\000P\000o\000i\000s\000s\000o\000n\000\040\000S\000u\000m\000m\000a\000t\000i\000o\000n\000\040\000F\000o\000r\000m\000u\000l\000a}{section.2.2}% 10
\BOOKMARK [2][-]{subsection.2.2.2}{\376\377\000T\000h\000e\000\040\000C\000o\000h\000n\000-\000E\000l\000k\000i\000e\000s\000\040\000L\000i\000n\000e\000a\000r\000\040\000P\000r\000o\000g\000r\000a\000m\000m\000i\000n\000g\000\040\000B\000o\000u\000n\000d}{section.2.2}% 11
\BOOKMARK [1][-]{section.2.3}{\376\377\000A\000\040\000W\000o\000r\000d\000\040\000o\000n\000\040\000M\000o\000d\000u\000l\000a\000r\000\040\000F\000o\000r\000m\000s}{chapter.2}% 12
\BOOKMARK [2][-]{subsection.2.3.1}{\376\377\000T\000h\000e\000\040\000E\000i\000s\000e\000n\000s\000t\000e\000i\000n\000\040\000S\000e\000r\000i\000e\000s}{section.2.3}% 13
\BOOKMARK [2][-]{subsection.2.3.2}{\376\377\000T\000h\000e\000\040\000D\000i\000s\000c\000r\000i\000m\000i\000n\000a\000n\000t\000\040\000F\000o\000r\000m}{section.2.3}% 14
\BOOKMARK [2][-]{subsection.2.3.3}{\376\377\000T\000h\000e\000\040\000T\000h\000e\000t\000a\000\040\000F\000u\000n\000c\000t\000i\000o\000n\000s}{section.2.3}% 15
\BOOKMARK [0][-]{chapter.3}{\376\377\000A\000\040\000R\000o\000a\000d\000m\000a\000p\000\040\000t\000o\000\040\000C\000o\000n\000s\000t\000r\000u\000c\000t\000i\000n\000g\000\040\000t\000h\000e\000\040\000M\000a\000g\000i\000c\000\040\000F\000u\000n\000c\000t\000i\000o\000n}{}% 16
\BOOKMARK [1][-]{section.3.1}{\376\377\000R\000a\000d\000i\000a\000l\000\040\000S\000c\000h\000w\000a\000r\000t\000z\000\040\000F\000u\000n\000c\000t\000i\000o\000n\000s}{chapter.3}% 17
\BOOKMARK [1][-]{section.3.2}{\376\377\000T\000h\000e\000\040\000C\000o\000h\000n\000-\000E\000l\000k\000i\000e\000s\000\040\000L\000i\000n\000e\000a\000r\000\040\000P\000r\000o\000g\000r\000a\000m\000m\000i\000n\000g\000\040\000B\000o\000u\000n\000d\000,\000\040\000R\000e\000v\000i\000s\000i\000t\000e\000d}{chapter.3}% 18
\BOOKMARK [1][-]{section.3.3}{\376\377\000T\000h\000e\000\040\000P\000r\000o\000p\000e\000r\000t\000i\000e\000s\000\040\000D\000e\000s\000i\000r\000e\000d\000\040\000o\000f\000\040\000V\000i\000a\000z\000o\000v\000s\000k\000a\000'\000s\000\040\000F\000o\000u\000r\000i\000e\000r\000\040\000E\000i\000g\000e\000n\000f\000u\000n\000c\000t\000i\000o\000n\000s}{chapter.3}% 19
\BOOKMARK [0][-]{chapter.4}{\376\377\000V\000i\000a\000z\000o\000v\000s\000k\000a\000'\000s\000\040\000M\000a\000g\000i\000c\000\040\000F\000u\000n\000c\000t\000i\000o\000n\000,\000\040\000I\000n\000f\000o\000r\000m\000a\000l\000l\000y}{}% 20
\BOOKMARK [1][-]{section.4.1}{\376\377\000D\000e\000f\000i\000n\000i\000n\000g\000\040\000V\000i\000a\000z\000o\000v\000s\000k\000a\000'\000s\000\040\000F\000o\000u\000r\000i\000e\000r\000\040\000E\000i\000g\000e\000n\000f\000u\000n\000c\000t\000i\000o\000n\000s}{chapter.4}% 21
\BOOKMARK [2][-]{subsection.4.1.1}{\376\377\000T\000h\000e\000\040\000+\0001\000-\000E\000i\000g\000e\000n\000f\000u\000n\000c\000t\000i\000o\000n}{section.4.1}% 22
\BOOKMARK [2][-]{subsection.4.1.2}{\376\377\000T\000h\000e\000\040\000-\0001\000-\000E\000i\000g\000e\000n\000f\000u\000n\000c\000t\000i\000o\000n}{section.4.1}% 23
\BOOKMARK [1][-]{section.4.2}{\376\377\000E\000s\000t\000a\000b\000l\000i\000s\000h\000i\000n\000g\000\040\000t\000h\000e\000\040\000S\000c\000h\000w\000a\000r\000t\000z\000n\000e\000s\000s\000\040\000P\000r\000o\000p\000e\000r\000t\000y}{chapter.4}% 24
\BOOKMARK [2][-]{subsection.4.2.1}{\376\377\000T\000h\000e\000\040\000+\0001\000-\000E\000i\000g\000e\000n\000f\000u\000n\000c\000t\000i\000o\000n}{section.4.2}% 25
\BOOKMARK [2][-]{subsection.4.2.2}{\376\377\000T\000h\000e\000\040\000-\0001\000-\000E\000i\000g\000e\000n\000f\000u\000n\000c\000t\000i\000o\000n}{section.4.2}% 26
\BOOKMARK [1][-]{section.4.3}{\376\377\000E\000s\000t\000a\000b\000l\000i\000s\000h\000i\000n\000g\000\040\000t\000h\000e\000\040\000E\000i\000g\000e\000n\000f\000u\000n\000c\000t\000i\000o\000n\000\040\000P\000r\000o\000p\000e\000r\000t\000y}{chapter.4}% 27
\BOOKMARK [2][-]{subsection.4.3.1}{\376\377\000T\000h\000e\000\040\000+\0001\000-\000E\000i\000g\000e\000n\000f\000u\000n\000c\000t\000i\000o\000n}{section.4.3}% 28
\BOOKMARK [2][-]{subsection.4.3.2}{\376\377\000T\000h\000e\000\040\000-\0001\000-\000E\000i\000g\000e\000n\000f\000u\000n\000c\000t\000i\000o\000n}{section.4.3}% 29
\BOOKMARK [1][-]{section.4.4}{\376\377\000E\000s\000t\000a\000b\000l\000i\000s\000h\000i\000n\000g\000\040\000t\000h\000e\000\040\000D\000o\000u\000b\000l\000e\000\040\000Z\000e\000r\000o\000e\000s\000\040\000P\000r\000o\000p\000e\000r\000t\000y}{chapter.4}% 30
\BOOKMARK [2][-]{subsection.4.4.1}{\376\377\000T\000h\000e\000\040\000+\0001\000-\000E\000i\000g\000e\000n\000f\000u\000n\000c\000t\000i\000o\000n}{section.4.4}% 31
\BOOKMARK [2][-]{subsection.4.4.2}{\376\377\000T\000h\000e\000\040\000-\0001\000-\000E\000i\000g\000e\000n\000f\000u\000n\000c\000t\000i\000o\000n}{section.4.4}% 32
\BOOKMARK [1][-]{section.4.5}{\376\377\000A\000n\000o\000t\000h\000e\000r\000\040\000R\000e\000p\000r\000e\000s\000e\000n\000t\000a\000t\000i\000o\000n\000\040\000o\000f\000\040\000t\000h\000e\000\040\000E\000i\000g\000e\000n\000f\000u\000n\000c\000t\000i\000o\000n\000s}{chapter.4}% 33
\BOOKMARK [2][-]{subsection.4.5.1}{\376\377\000T\000h\000e\000\040\000+\0001\000-\000E\000i\000g\000e\000n\000f\000u\000n\000c\000t\000i\000o\000n}{section.4.5}% 34
\BOOKMARK [2][-]{subsection.4.5.2}{\376\377\000T\000h\000e\000\040\000-\0001\000-\000E\000i\000g\000e\000n\000f\000u\000n\000c\000t\000i\000o\000n}{section.4.5}% 35
\BOOKMARK [1][-]{section.4.6}{\376\377\000T\000h\000e\000\040\000M\000a\000g\000i\000c\000\040\000o\000f\000\040\000g}{chapter.4}% 36
\BOOKMARK [0][-]{chapter.5}{\376\377\000V\000i\000a\000z\000o\000v\000s\000k\000a\000'\000s\000\040\000M\000a\000g\000i\000c\000\040\000F\000u\000n\000c\000t\000i\000o\000n\000,\000\040\000F\000o\000r\000m\000a\000l\000l\000y}{}% 37
\BOOKMARK [1][-]{section.5.1}{\376\377\000T\000h\000e\000\040\000F\000o\000r\000m\000a\000l\000i\000s\000a\000t\000i\000o\000n\000\040\000E\000f\000f\000o\000r\000t\000:\000\040\000A\000\040\000B\000r\000o\000a\000d\000\040\000O\000v\000e\000r\000v\000i\000e\000w}{chapter.5}% 38
\BOOKMARK [2][-]{subsection.5.1.1}{\376\377\000A\000\040\000S\000y\000s\000t\000e\000m\000a\000t\000i\000c\000\040\000A\000p\000p\000r\000o\000a\000c\000h\000\040\000t\000o\000\040\000B\000o\000u\000n\000d\000i\000n\000g\000\040\000I\000n\000t\000e\000g\000r\000a\000l\000s}{section.5.1}% 39
\BOOKMARK [2][-]{subsection.5.1.2}{\376\377\000A\000\040\000S\000c\000h\000w\000a\000r\000t\000z\000n\000e\000s\000s\000\040\000B\000r\000i\000d\000g\000e\000\040\000A\000c\000r\000o\000s\000s\000\040\000D\000i\000m\000e\000n\000s\000i\000o\000n\000s}{section.5.1}% 40
\BOOKMARK [1][-]{section.5.2}{\376\377\000A\000\040\000M\000e\000t\000a\000p\000r\000o\000g\000r\000a\000m\000m\000i\000n\000g\000\040\000A\000p\000p\000r\000o\000a\000c\000h}{chapter.5}% 41
\BOOKMARK [2][-]{subsection.5.2.1}{\376\377\000C\000o\000m\000p\000l\000e\000x\000\040\000C\000o\000m\000p\000u\000t\000a\000t\000i\000o\000n\000s\000\040\000a\000r\000e\000\040\000C\000o\000m\000p\000l\000e\000x}{section.5.2}% 42
\BOOKMARK [2][-]{subsection.5.2.2}{\376\377\000P\000a\000r\000s\000i\000n\000g\000\040\000a\000n\000d\000\040\000N\000o\000r\000m\000a\000l\000i\000s\000a\000t\000i\000o\000n}{section.5.2}% 43
\BOOKMARK [1][-]{section.5.3}{\376\377\000T\000h\000e\000\040\000C\000a\000u\000c\000h\000y\000-\000G\000o\000u\000r\000s\000a\000t\000\040\000T\000h\000e\000o\000r\000e\000m}{chapter.5}% 44
\BOOKMARK [2][-]{subsection.5.3.1}{\376\377\000R\000e\000c\000t\000a\000n\000g\000l\000e\000s}{section.5.3}% 45
\BOOKMARK [2][-]{subsection.5.3.2}{\376\377\000S\000q\000u\000a\000r\000e\000s\000\040\000a\000n\000d\000\040\000C\000i\000r\000c\000l\000e\000s}{section.5.3}% 46
\BOOKMARK [0][-]{chapter.6}{\376\377\000C\000o\000n\000c\000l\000u\000s\000i\000o\000n}{}% 47
\BOOKMARK [1][-]{section.6.1}{\376\377\000V\000i\000a\000z\000o\000v\000s\000k\000a\000'\000s\000\040\000M\000o\000n\000u\000m\000e\000n\000t\000a\000l\000\040\000B\000r\000e\000a\000k\000t\000h\000r\000o\000u\000g\000h}{chapter.6}% 48
\BOOKMARK [1][-]{section.6.2}{\376\377\000T\000h\000e\000\040\000R\000o\000a\000d\000\040\000t\000o\000\040\000F\000o\000r\000m\000a\000l\000i\000s\000i\000n\000g\000\040\000S\000p\000h\000e\000r\000e\000\040\000P\000a\000c\000k\000i\000n\000g}{chapter.6}% 49
\BOOKMARK [0][-]{chapter*.15}{\376\377\000B\000i\000b\000l\000i\000o\000g\000r\000a\000p\000h\000y}{}% 50
